<?xml version="1.0" encoding="UTF-8" standalone="no"?>
<!DOCTYPE log SYSTEM "logger.dtd">
<log>
<record>
  <date>2019-10-09T16:34:39</date>
  <millis>1570656879566</millis>
  <sequence>0</sequence>
  <level>START</level>
  <class>com.kms.katalon.core.logging.XmlKeywordLogger</class>
  <method>startSuite</method>
  <thread>1</thread>
  <message>Start Test Suite : Test Suites/Modulo2_Solicitar servicio/IngresarDireccionNueva</message>
  <nestedLevel>0</nestedLevel>
  <property name="name">IngresarDireccionNueva</property>
  <property name="description"></property>
  <property name="id">Test Suites/Modulo2_Solicitar servicio/IngresarDireccionNueva</property>
</record>
<record>
  <date>2019-10-09T16:34:39</date>
  <millis>1570656879587</millis>
  <sequence>1</sequence>
  <level>RUN_DATA</level>
  <class>com.kms.katalon.core.logging.XmlKeywordLogger</class>
  <method>logMessage</method>
  <thread>1</thread>
  <message>hostName = Dzapatal - p-dzapatal.intergrupo.com</message>
  <nestedLevel>0</nestedLevel>
  <property name="hostName">Dzapatal - p-dzapatal.intergrupo.com</property>
</record>
<record>
  <date>2019-10-09T16:34:39</date>
  <millis>1570656879588</millis>
  <sequence>2</sequence>
  <level>RUN_DATA</level>
  <class>com.kms.katalon.core.logging.XmlKeywordLogger</class>
  <method>logMessage</method>
  <thread>1</thread>
  <message>os = Windows 10 32bit</message>
  <nestedLevel>0</nestedLevel>
  <property name="os">Windows 10 32bit</property>
</record>
<record>
  <date>2019-10-09T16:34:39</date>
  <millis>1570656879588</millis>
  <sequence>3</sequence>
  <level>RUN_DATA</level>
  <class>com.kms.katalon.core.logging.XmlKeywordLogger</class>
  <method>logMessage</method>
  <thread>1</thread>
  <message>hostAddress = 10.60.7.157</message>
  <nestedLevel>0</nestedLevel>
  <property name="hostAddress">10.60.7.157</property>
</record>
<record>
  <date>2019-10-09T16:34:39</date>
  <millis>1570656879590</millis>
  <sequence>4</sequence>
  <level>RUN_DATA</level>
  <class>com.kms.katalon.core.logging.XmlKeywordLogger</class>
  <method>logMessage</method>
  <thread>1</thread>
  <message>katalonVersion = 6.3.0.1</message>
  <nestedLevel>0</nestedLevel>
  <property name="katalonVersion">6.3.0.1</property>
</record>
<record>
  <date>2019-10-09T16:34:39</date>
  <millis>1570656879829</millis>
  <sequence>5</sequence>
  <level>START</level>
  <class>com.kms.katalon.core.logging.XmlKeywordLogger</class>
  <method>startTest</method>
  <thread>1</thread>
  <message>Start Test Case : Test Cases/Abrir Navegador/AbrirNavegador</message>
  <nestedLevel>1</nestedLevel>
  <property name="name">Test Cases/Abrir Navegador/AbrirNavegador</property>
  <property name="description"></property>
  <property name="id">Test Cases/Abrir Navegador/AbrirNavegador</property>
  <property name="source">C:\\Users\\dzapatal\\git\\PortalClientes_Web\\Test Cases\\Abrir Navegador\\AbrirNavegador.tc</property>
  <property name="tag"></property>
  <property name="isOptional">false</property>
</record>
<record>
  <date>2019-10-09T16:34:40</date>
  <millis>1570656880211</millis>
  <sequence>7</sequence>
  <level>START</level>
  <class>com.kms.katalon.core.logging.XmlKeywordLogger</class>
  <method>startKeyword</method>
  <thread>1</thread>
  <message>Start action : openBrowser(\&amp;quot;\&amp;quot;)</message>
  <nestedLevel>1</nestedLevel>
  <property name="startLine">17</property>
  <property name="stepIndex">1</property>
</record>
<record>
  <date>2019-10-09T16:34:40</date>
  <millis>1570656880476</millis>
  <sequence>9</sequence>
  <level>INFO</level>
  <class>com.kms.katalon.core.logging.XmlKeywordLogger</class>
  <method>logMessage</method>
  <thread>1</thread>
  <message>Starting &amp;apos;Chrome&amp;apos; driver</message>
  <nestedLevel>1</nestedLevel>
</record>
<record>
  <date>2019-10-09T16:34:40</date>
  <millis>1570656880521</millis>
  <sequence>11</sequence>
  <level>INFO</level>
  <class>com.kms.katalon.core.logging.XmlKeywordLogger</class>
  <method>logMessage</method>
  <thread>1</thread>
  <message>Action delay is set to 1 seconds</message>
  <nestedLevel>1</nestedLevel>
</record>
<record>
  <date>2019-10-09T16:34:45</date>
  <millis>1570656885711</millis>
  <sequence>13</sequence>
  <level>RUN_DATA</level>
  <class>com.kms.katalon.core.logging.XmlKeywordLogger</class>
  <method>logMessage</method>
  <thread>1</thread>
  <message>sessionId = 103128793e23e9f9a110e2f8ec5400f1</message>
  <nestedLevel>1</nestedLevel>
  <property name="sessionId">103128793e23e9f9a110e2f8ec5400f1</property>
</record>
<record>
  <date>2019-10-09T16:34:46</date>
  <millis>1570656886753</millis>
  <sequence>14</sequence>
  <level>RUN_DATA</level>
  <class>com.kms.katalon.core.logging.XmlKeywordLogger</class>
  <method>logMessage</method>
  <thread>1</thread>
  <message>browser = Chrome 77.0.3865.90</message>
  <nestedLevel>1</nestedLevel>
  <property name="browser">Chrome 77.0.3865.90</property>
</record>
<record>
  <date>2019-10-09T16:34:46</date>
  <millis>1570656886753</millis>
  <sequence>15</sequence>
  <level>RUN_DATA</level>
  <class>com.kms.katalon.core.logging.XmlKeywordLogger</class>
  <method>logMessage</method>
  <thread>1</thread>
  <message>platform = Windows 10</message>
  <nestedLevel>1</nestedLevel>
  <property name="platform">Windows 10</property>
</record>
<record>
  <date>2019-10-09T16:34:46</date>
  <millis>1570656886754</millis>
  <sequence>16</sequence>
  <level>RUN_DATA</level>
  <class>com.kms.katalon.core.logging.XmlKeywordLogger</class>
  <method>logMessage</method>
  <thread>1</thread>
  <message>seleniumVersion = 3.141.59</message>
  <nestedLevel>1</nestedLevel>
  <property name="seleniumVersion">3.141.59</property>
</record>
<record>
  <date>2019-10-09T16:34:46</date>
  <millis>1570656886754</millis>
  <sequence>17</sequence>
  <level>RUN_DATA</level>
  <class>com.kms.katalon.core.logging.XmlKeywordLogger</class>
  <method>logMessage</method>
  <thread>1</thread>
  <message>proxyInformation = ProxyInformation{proxyOption=NO_PROXY, proxyServerType=HTTP, password=, proxyServerAddress=, proxyServerPort=0}</message>
  <nestedLevel>1</nestedLevel>
  <property name="proxyInformation">ProxyInformation{proxyOption=NO_PROXY, proxyServerType=HTTP, password=, proxyServerAddress=, proxyServerPort=0}</property>
</record>
<record>
  <date>2019-10-09T16:34:46</date>
  <millis>1570656886755</millis>
  <sequence>18</sequence>
  <level>PASSED</level>
  <class>com.kms.katalon.core.logging.XmlKeywordLogger</class>
  <method>logMessage</method>
  <thread>1</thread>
  <message>Browser is opened with url: &amp;apos;&amp;apos;</message>
  <nestedLevel>1</nestedLevel>
</record>
<record>
  <date>2019-10-09T16:34:46</date>
  <millis>1570656886755</millis>
  <sequence>19</sequence>
  <level>END</level>
  <class>com.kms.katalon.core.logging.XmlKeywordLogger</class>
  <method>endKeyword</method>
  <thread>1</thread>
  <message>End action : openBrowser(\&amp;quot;\&amp;quot;)</message>
  <nestedLevel>1</nestedLevel>
</record>
<record>
  <date>2019-10-09T16:34:46</date>
  <millis>1570656886756</millis>
  <sequence>20</sequence>
  <level>START</level>
  <class>com.kms.katalon.core.logging.XmlKeywordLogger</class>
  <method>startKeyword</method>
  <thread>1</thread>
  <message>Start action : navigateToUrl(\&amp;quot;https://test-portalclientesyventas-co.azurewebsites.net/login\&amp;quot;)</message>
  <nestedLevel>1</nestedLevel>
  <property name="startLine">19</property>
  <property name="stepIndex">2</property>
</record>
<record>
  <date>2019-10-09T16:34:54</date>
  <millis>1570656894464</millis>
  <sequence>23</sequence>
  <level>PASSED</level>
  <class>com.kms.katalon.core.logging.XmlKeywordLogger</class>
  <method>logMessage</method>
  <thread>1</thread>
  <message>Navigate to &amp;apos;https://test-portalclientesyventas-co.azurewebsites.net/login&amp;apos; successfully</message>
  <nestedLevel>1</nestedLevel>
</record>
<record>
  <date>2019-10-09T16:34:54</date>
  <millis>1570656894465</millis>
  <sequence>24</sequence>
  <level>END</level>
  <class>com.kms.katalon.core.logging.XmlKeywordLogger</class>
  <method>endKeyword</method>
  <thread>1</thread>
  <message>End action : navigateToUrl(\&amp;quot;https://test-portalclientesyventas-co.azurewebsites.net/login\&amp;quot;)</message>
  <nestedLevel>1</nestedLevel>
</record>
<record>
  <date>2019-10-09T16:34:54</date>
  <millis>1570656894465</millis>
  <sequence>25</sequence>
  <level>PASSED</level>
  <class>com.kms.katalon.core.logging.XmlKeywordLogger</class>
  <method>logMessage</method>
  <thread>1</thread>
  <message>Test Cases/Abrir Navegador/AbrirNavegador</message>
  <nestedLevel>1</nestedLevel>
</record>
<record>
  <date>2019-10-09T16:34:54</date>
  <millis>1570656894466</millis>
  <sequence>26</sequence>
  <level>END</level>
  <class>com.kms.katalon.core.logging.XmlKeywordLogger</class>
  <method>endTest</method>
  <thread>1</thread>
  <message>End Test Case : Test Cases/Abrir Navegador/AbrirNavegador</message>
  <nestedLevel>0</nestedLevel>
</record>
<record>
  <date>2019-10-09T16:34:54</date>
  <millis>1570656894472</millis>
  <sequence>27</sequence>
  <level>START</level>
  <class>com.kms.katalon.core.logging.XmlKeywordLogger</class>
  <method>startTest</method>
  <thread>1</thread>
  <message>Start Test Case : Test Cases/Iniciar Sesion/IngresarInformacion</message>
  <nestedLevel>1</nestedLevel>
  <property name="name">Test Cases/Iniciar Sesion/IngresarInformacion</property>
  <property name="description">Autenticaci\u00F3n - portal clientes</property>
  <property name="id">Test Cases/Iniciar Sesion/IngresarInformacion</property>
  <property name="source">C:\\Users\\dzapatal\\git\\PortalClientes_Web\\Test Cases\\Iniciar Sesion\\IngresarInformacion.tc</property>
  <property name="tag"></property>
  <property name="isOptional">false</property>
</record>
<record>
  <date>2019-10-09T16:34:54</date>
  <millis>1570656894857</millis>
  <sequence>29</sequence>
  <level>START</level>
  <class>com.kms.katalon.core.logging.XmlKeywordLogger</class>
  <method>startKeyword</method>
  <thread>1</thread>
  <message>Start action : navigateToUrl(\&amp;quot;https://test-portalclientesyventas-co.azurewebsites.net/login\&amp;quot;)</message>
  <nestedLevel>1</nestedLevel>
  <property name="startLine">17</property>
  <property name="stepIndex">1</property>
</record>
<record>
  <date>2019-10-09T16:34:56</date>
  <millis>1570656896436</millis>
  <sequence>32</sequence>
  <level>PASSED</level>
  <class>com.kms.katalon.core.logging.XmlKeywordLogger</class>
  <method>logMessage</method>
  <thread>1</thread>
  <message>Navigate to &amp;apos;https://test-portalclientesyventas-co.azurewebsites.net/login&amp;apos; successfully</message>
  <nestedLevel>1</nestedLevel>
</record>
<record>
  <date>2019-10-09T16:34:56</date>
  <millis>1570656896437</millis>
  <sequence>33</sequence>
  <level>END</level>
  <class>com.kms.katalon.core.logging.XmlKeywordLogger</class>
  <method>endKeyword</method>
  <thread>1</thread>
  <message>End action : navigateToUrl(\&amp;quot;https://test-portalclientesyventas-co.azurewebsites.net/login\&amp;quot;)</message>
  <nestedLevel>1</nestedLevel>
</record>
<record>
  <date>2019-10-09T16:34:56</date>
  <millis>1570656896437</millis>
  <sequence>34</sequence>
  <level>START</level>
  <class>com.kms.katalon.core.logging.XmlKeywordLogger</class>
  <method>startKeyword</method>
  <thread>1</thread>
  <message>Start action : setText(findTestObject(\&amp;quot;Object Repository/IniciarSesion/input_Correo electrnico_email\&amp;quot;), \&amp;quot;usuarioprueba1@yopmail.com\&amp;quot;)</message>
  <nestedLevel>1</nestedLevel>
  <property name="startLine">19</property>
  <property name="stepIndex">2</property>
</record>
<record>
  <date>2019-10-09T16:34:59</date>
  <millis>1570656899892</millis>
  <sequence>43</sequence>
  <level>PASSED</level>
  <class>com.kms.katalon.core.logging.XmlKeywordLogger</class>
  <method>logMessage</method>
  <thread>1</thread>
  <message>Text &amp;apos;usuarioprueba1@yopmail.com&amp;apos; is set on object &amp;apos;Object Repository/IniciarSesion/input_Correo electrnico_email&amp;apos;</message>
  <nestedLevel>1</nestedLevel>
</record>
<record>
  <date>2019-10-09T16:34:59</date>
  <millis>1570656899893</millis>
  <sequence>44</sequence>
  <level>END</level>
  <class>com.kms.katalon.core.logging.XmlKeywordLogger</class>
  <method>endKeyword</method>
  <thread>1</thread>
  <message>End action : setText(findTestObject(\&amp;quot;Object Repository/IniciarSesion/input_Correo electrnico_email\&amp;quot;), \&amp;quot;usuarioprueba1@yopmail.com\&amp;quot;)</message>
  <nestedLevel>1</nestedLevel>
</record>
<record>
  <date>2019-10-09T16:34:59</date>
  <millis>1570656899893</millis>
  <sequence>45</sequence>
  <level>START</level>
  <class>com.kms.katalon.core.logging.XmlKeywordLogger</class>
  <method>startKeyword</method>
  <thread>1</thread>
  <message>Start action : setEncryptedText(findTestObject(\&amp;quot;Object Repository/IniciarSesion/input_Contrasea_password\&amp;quot;), \&amp;quot;zpitzbFj1P6iY2h+x2z5qA==\&amp;quot;)</message>
  <nestedLevel>1</nestedLevel>
  <property name="startLine">21</property>
  <property name="stepIndex">3</property>
</record>
<record>
  <date>2019-10-09T16:35:03</date>
  <millis>1570656903244</millis>
  <sequence>54</sequence>
  <level>PASSED</level>
  <class>com.kms.katalon.core.logging.XmlKeywordLogger</class>
  <method>logMessage</method>
  <thread>1</thread>
  <message>Text ****** has been set on object &amp;apos;Object Repository/IniciarSesion/input_Contrasea_password&amp;apos;</message>
  <nestedLevel>1</nestedLevel>
</record>
<record>
  <date>2019-10-09T16:35:03</date>
  <millis>1570656903244</millis>
  <sequence>55</sequence>
  <level>END</level>
  <class>com.kms.katalon.core.logging.XmlKeywordLogger</class>
  <method>endKeyword</method>
  <thread>1</thread>
  <message>End action : setEncryptedText(findTestObject(\&amp;quot;Object Repository/IniciarSesion/input_Contrasea_password\&amp;quot;), \&amp;quot;zpitzbFj1P6iY2h+x2z5qA==\&amp;quot;)</message>
  <nestedLevel>1</nestedLevel>
</record>
<record>
  <date>2019-10-09T16:35:03</date>
  <millis>1570656903245</millis>
  <sequence>56</sequence>
  <level>PASSED</level>
  <class>com.kms.katalon.core.logging.XmlKeywordLogger</class>
  <method>logMessage</method>
  <thread>1</thread>
  <message>Test Cases/Iniciar Sesion/IngresarInformacion</message>
  <nestedLevel>1</nestedLevel>
</record>
<record>
  <date>2019-10-09T16:35:03</date>
  <millis>1570656903245</millis>
  <sequence>57</sequence>
  <level>END</level>
  <class>com.kms.katalon.core.logging.XmlKeywordLogger</class>
  <method>endTest</method>
  <thread>1</thread>
  <message>End Test Case : Test Cases/Iniciar Sesion/IngresarInformacion</message>
  <nestedLevel>0</nestedLevel>
</record>
<record>
  <date>2019-10-09T16:35:03</date>
  <millis>1570656903250</millis>
  <sequence>58</sequence>
  <level>START</level>
  <class>com.kms.katalon.core.logging.XmlKeywordLogger</class>
  <method>startTest</method>
  <thread>1</thread>
  <message>Start Test Case : Test Cases/Iniciar Sesion/SeleccionarBoton_Ingresar</message>
  <nestedLevel>1</nestedLevel>
  <property name="name">Test Cases/Iniciar Sesion/SeleccionarBoton_Ingresar</property>
  <property name="description"></property>
  <property name="id">Test Cases/Iniciar Sesion/SeleccionarBoton_Ingresar</property>
  <property name="source">C:\\Users\\dzapatal\\git\\PortalClientes_Web\\Test Cases\\Iniciar Sesion\\SeleccionarBoton_Ingresar.tc</property>
  <property name="tag"></property>
  <property name="isOptional">false</property>
</record>
<record>
  <date>2019-10-09T16:35:03</date>
  <millis>1570656903568</millis>
  <sequence>60</sequence>
  <level>START</level>
  <class>com.kms.katalon.core.logging.XmlKeywordLogger</class>
  <method>startKeyword</method>
  <thread>1</thread>
  <message>Start action : click(findTestObject(\&amp;quot;IniciarSesion/button_INGRESAR\&amp;quot;))</message>
  <nestedLevel>1</nestedLevel>
  <property name="startLine">17</property>
  <property name="stepIndex">1</property>
</record>
<record>
  <date>2019-10-09T16:35:05</date>
  <millis>1570656905844</millis>
  <sequence>67</sequence>
  <level>PASSED</level>
  <class>com.kms.katalon.core.logging.XmlKeywordLogger</class>
  <method>logMessage</method>
  <thread>1</thread>
  <message>Object: &amp;apos;Object Repository/IniciarSesion/button_INGRESAR&amp;apos; is clicked on</message>
  <nestedLevel>1</nestedLevel>
</record>
<record>
  <date>2019-10-09T16:35:05</date>
  <millis>1570656905845</millis>
  <sequence>68</sequence>
  <level>END</level>
  <class>com.kms.katalon.core.logging.XmlKeywordLogger</class>
  <method>endKeyword</method>
  <thread>1</thread>
  <message>End action : click(findTestObject(\&amp;quot;IniciarSesion/button_INGRESAR\&amp;quot;))</message>
  <nestedLevel>1</nestedLevel>
</record>
<record>
  <date>2019-10-09T16:35:05</date>
  <millis>1570656905845</millis>
  <sequence>69</sequence>
  <level>START</level>
  <class>com.kms.katalon.core.logging.XmlKeywordLogger</class>
  <method>startKeyword</method>
  <thread>1</thread>
  <message>Start action : delay(10)</message>
  <nestedLevel>1</nestedLevel>
  <property name="startLine">19</property>
  <property name="stepIndex">2</property>
</record>
<record>
  <date>2019-10-09T16:35:15</date>
  <millis>1570656915881</millis>
  <sequence>71</sequence>
  <level>PASSED</level>
  <class>com.kms.katalon.core.logging.XmlKeywordLogger</class>
  <method>logMessage</method>
  <thread>1</thread>
  <message>Delayed 10 second(s)</message>
  <nestedLevel>1</nestedLevel>
</record>
<record>
  <date>2019-10-09T16:35:15</date>
  <millis>1570656915882</millis>
  <sequence>72</sequence>
  <level>END</level>
  <class>com.kms.katalon.core.logging.XmlKeywordLogger</class>
  <method>endKeyword</method>
  <thread>1</thread>
  <message>End action : delay(10)</message>
  <nestedLevel>1</nestedLevel>
</record>
<record>
  <date>2019-10-09T16:35:15</date>
  <millis>1570656915883</millis>
  <sequence>73</sequence>
  <level>PASSED</level>
  <class>com.kms.katalon.core.logging.XmlKeywordLogger</class>
  <method>logMessage</method>
  <thread>1</thread>
  <message>Test Cases/Iniciar Sesion/SeleccionarBoton_Ingresar</message>
  <nestedLevel>1</nestedLevel>
</record>
<record>
  <date>2019-10-09T16:35:15</date>
  <millis>1570656915885</millis>
  <sequence>74</sequence>
  <level>END</level>
  <class>com.kms.katalon.core.logging.XmlKeywordLogger</class>
  <method>endTest</method>
  <thread>1</thread>
  <message>End Test Case : Test Cases/Iniciar Sesion/SeleccionarBoton_Ingresar</message>
  <nestedLevel>0</nestedLevel>
</record>
<record>
  <date>2019-10-09T16:35:15</date>
  <millis>1570656915908</millis>
  <sequence>75</sequence>
  <level>START</level>
  <class>com.kms.katalon.core.logging.XmlKeywordLogger</class>
  <method>startTest</method>
  <thread>1</thread>
  <message>Start Test Case : Test Cases/Solicitar Servicio/SeleccionarOpcionSolicitarServicio</message>
  <nestedLevel>1</nestedLevel>
  <property name="name">Test Cases/Solicitar Servicio/SeleccionarOpcionSolicitarServicio</property>
  <property name="description"></property>
  <property name="id">Test Cases/Solicitar Servicio/SeleccionarOpcionSolicitarServicio</property>
  <property name="source">C:\\Users\\dzapatal\\git\\PortalClientes_Web\\Test Cases\\Solicitar Servicio\\SeleccionarOpcionSolicitarServicio.tc</property>
  <property name="tag"></property>
  <property name="isOptional">false</property>
</record>
<record>
  <date>2019-10-09T16:35:16</date>
  <millis>1570656916193</millis>
  <sequence>77</sequence>
  <level>START</level>
  <class>com.kms.katalon.core.logging.XmlKeywordLogger</class>
  <method>startKeyword</method>
  <thread>1</thread>
  <message>Start action : click(findTestObject(\&amp;quot;Solicitar Servicio/a_Solicitar servicio\&amp;quot;))</message>
  <nestedLevel>1</nestedLevel>
  <property name="startLine">17</property>
  <property name="stepIndex">1</property>
</record>
<record>
  <date>2019-10-09T16:35:18</date>
  <millis>1570656918570</millis>
  <sequence>84</sequence>
  <level>PASSED</level>
  <class>com.kms.katalon.core.logging.XmlKeywordLogger</class>
  <method>logMessage</method>
  <thread>1</thread>
  <message>Object: &amp;apos;Object Repository/Solicitar Servicio/a_Solicitar servicio&amp;apos; is clicked on</message>
  <nestedLevel>1</nestedLevel>
</record>
<record>
  <date>2019-10-09T16:35:18</date>
  <millis>1570656918570</millis>
  <sequence>85</sequence>
  <level>END</level>
  <class>com.kms.katalon.core.logging.XmlKeywordLogger</class>
  <method>endKeyword</method>
  <thread>1</thread>
  <message>End action : click(findTestObject(\&amp;quot;Solicitar Servicio/a_Solicitar servicio\&amp;quot;))</message>
  <nestedLevel>1</nestedLevel>
</record>
<record>
  <date>2019-10-09T16:35:18</date>
  <millis>1570656918570</millis>
  <sequence>86</sequence>
  <level>PASSED</level>
  <class>com.kms.katalon.core.logging.XmlKeywordLogger</class>
  <method>logMessage</method>
  <thread>1</thread>
  <message>Test Cases/Solicitar Servicio/SeleccionarOpcionSolicitarServicio</message>
  <nestedLevel>1</nestedLevel>
</record>
<record>
  <date>2019-10-09T16:35:18</date>
  <millis>1570656918571</millis>
  <sequence>87</sequence>
  <level>END</level>
  <class>com.kms.katalon.core.logging.XmlKeywordLogger</class>
  <method>endTest</method>
  <thread>1</thread>
  <message>End Test Case : Test Cases/Solicitar Servicio/SeleccionarOpcionSolicitarServicio</message>
  <nestedLevel>0</nestedLevel>
</record>
<record>
  <date>2019-10-09T16:35:18</date>
  <millis>1570656918576</millis>
  <sequence>88</sequence>
  <level>START</level>
  <class>com.kms.katalon.core.logging.XmlKeywordLogger</class>
  <method>startTest</method>
  <thread>1</thread>
  <message>Start Test Case : Test Cases/Solicitar Servicio/SeleccionarPaciente</message>
  <nestedLevel>1</nestedLevel>
  <property name="name">Test Cases/Solicitar Servicio/SeleccionarPaciente</property>
  <property name="description"></property>
  <property name="id">Test Cases/Solicitar Servicio/SeleccionarPaciente</property>
  <property name="source">C:\\Users\\dzapatal\\git\\PortalClientes_Web\\Test Cases\\Solicitar Servicio\\SeleccionarPaciente.tc</property>
  <property name="tag"></property>
  <property name="isOptional">false</property>
</record>
<record>
  <date>2019-10-09T16:35:18</date>
  <millis>1570656918976</millis>
  <sequence>90</sequence>
  <level>START</level>
  <class>com.kms.katalon.core.logging.XmlKeywordLogger</class>
  <method>startKeyword</method>
  <thread>1</thread>
  <message>Start action : selectOptionByValue(findTestObject(\&amp;quot;Object Repository/Solicitar Servicio/SeleccionarPaciente\&amp;quot;), \&amp;quot;21371502\&amp;quot;, true)</message>
  <nestedLevel>1</nestedLevel>
  <property name="startLine">17</property>
  <property name="stepIndex">1</property>
</record>
<record>
  <date>2019-10-09T16:35:47</date>
  <millis>1570656947374</millis>
  <sequence>99</sequence>
  <level>PASSED</level>
  <class>com.kms.katalon.core.logging.XmlKeywordLogger</class>
  <method>logMessage</method>
  <thread>1</thread>
  <message>All options with value &amp;apos;21371502&amp;apos; are selected in object &amp;apos;Object Repository/Solicitar Servicio/SeleccionarPaciente&amp;apos;  using regular expression</message>
  <nestedLevel>1</nestedLevel>
</record>
<record>
  <date>2019-10-09T16:35:47</date>
  <millis>1570656947374</millis>
  <sequence>100</sequence>
  <level>END</level>
  <class>com.kms.katalon.core.logging.XmlKeywordLogger</class>
  <method>endKeyword</method>
  <thread>1</thread>
  <message>End action : selectOptionByValue(findTestObject(\&amp;quot;Object Repository/Solicitar Servicio/SeleccionarPaciente\&amp;quot;), \&amp;quot;21371502\&amp;quot;, true)</message>
  <nestedLevel>1</nestedLevel>
</record>
<record>
  <date>2019-10-09T16:35:47</date>
  <millis>1570656947375</millis>
  <sequence>101</sequence>
  <level>PASSED</level>
  <class>com.kms.katalon.core.logging.XmlKeywordLogger</class>
  <method>logMessage</method>
  <thread>1</thread>
  <message>Test Cases/Solicitar Servicio/SeleccionarPaciente</message>
  <nestedLevel>1</nestedLevel>
</record>
<record>
  <date>2019-10-09T16:35:47</date>
  <millis>1570656947376</millis>
  <sequence>102</sequence>
  <level>END</level>
  <class>com.kms.katalon.core.logging.XmlKeywordLogger</class>
  <method>endTest</method>
  <thread>1</thread>
  <message>End Test Case : Test Cases/Solicitar Servicio/SeleccionarPaciente</message>
  <nestedLevel>0</nestedLevel>
</record>
<record>
  <date>2019-10-09T16:35:47</date>
  <millis>1570656947387</millis>
  <sequence>103</sequence>
  <level>START</level>
  <class>com.kms.katalon.core.logging.XmlKeywordLogger</class>
  <method>startTest</method>
  <thread>1</thread>
  <message>Start Test Case : Test Cases/Solicitar Servicio/SeleccionarOpcionDireccionNueva</message>
  <nestedLevel>1</nestedLevel>
  <property name="name">Test Cases/Solicitar Servicio/SeleccionarOpcionDireccionNueva</property>
  <property name="description"></property>
  <property name="id">Test Cases/Solicitar Servicio/SeleccionarOpcionDireccionNueva</property>
  <property name="source">C:\\Users\\dzapatal\\git\\PortalClientes_Web\\Test Cases\\Solicitar Servicio\\SeleccionarOpcionDireccionNueva.tc</property>
  <property name="tag"></property>
  <property name="isOptional">false</property>
</record>
<record>
  <date>2019-10-09T16:35:47</date>
  <millis>1570656947668</millis>
  <sequence>105</sequence>
  <level>START</level>
  <class>com.kms.katalon.core.logging.XmlKeywordLogger</class>
  <method>startKeyword</method>
  <thread>1</thread>
  <message>Start action : click(findTestObject(\&amp;quot;Object Repository/Solicitar Servicio/button_Agregar direccin\&amp;quot;))</message>
  <nestedLevel>1</nestedLevel>
  <property name="startLine">17</property>
  <property name="stepIndex">1</property>
</record>
<record>
  <date>2019-10-09T16:35:50</date>
  <millis>1570656950012</millis>
  <sequence>112</sequence>
  <level>PASSED</level>
  <class>com.kms.katalon.core.logging.XmlKeywordLogger</class>
  <method>logMessage</method>
  <thread>1</thread>
  <message>Object: &amp;apos;Object Repository/Solicitar Servicio/button_Agregar direccin&amp;apos; is clicked on</message>
  <nestedLevel>1</nestedLevel>
</record>
<record>
  <date>2019-10-09T16:35:50</date>
  <millis>1570656950012</millis>
  <sequence>113</sequence>
  <level>END</level>
  <class>com.kms.katalon.core.logging.XmlKeywordLogger</class>
  <method>endKeyword</method>
  <thread>1</thread>
  <message>End action : click(findTestObject(\&amp;quot;Object Repository/Solicitar Servicio/button_Agregar direccin\&amp;quot;))</message>
  <nestedLevel>1</nestedLevel>
</record>
<record>
  <date>2019-10-09T16:35:50</date>
  <millis>1570656950013</millis>
  <sequence>114</sequence>
  <level>PASSED</level>
  <class>com.kms.katalon.core.logging.XmlKeywordLogger</class>
  <method>logMessage</method>
  <thread>1</thread>
  <message>Test Cases/Solicitar Servicio/SeleccionarOpcionDireccionNueva</message>
  <nestedLevel>1</nestedLevel>
</record>
<record>
  <date>2019-10-09T16:35:50</date>
  <millis>1570656950013</millis>
  <sequence>115</sequence>
  <level>END</level>
  <class>com.kms.katalon.core.logging.XmlKeywordLogger</class>
  <method>endTest</method>
  <thread>1</thread>
  <message>End Test Case : Test Cases/Solicitar Servicio/SeleccionarOpcionDireccionNueva</message>
  <nestedLevel>0</nestedLevel>
</record>
<record>
  <date>2019-10-09T16:35:50</date>
  <millis>1570656950018</millis>
  <sequence>116</sequence>
  <level>START</level>
  <class>com.kms.katalon.core.logging.XmlKeywordLogger</class>
  <method>startTest</method>
  <thread>1</thread>
  <message>Start Test Case : Test Cases/Solicitar Servicio/IngresarNuevaDireccion</message>
  <nestedLevel>1</nestedLevel>
  <property name="name">Test Cases/Solicitar Servicio/IngresarNuevaDireccion</property>
  <property name="description"></property>
  <property name="id">Test Cases/Solicitar Servicio/IngresarNuevaDireccion</property>
  <property name="source">C:\\Users\\dzapatal\\git\\PortalClientes_Web\\Test Cases\\Solicitar Servicio\\IngresarNuevaDireccion.tc</property>
  <property name="tag"></property>
  <property name="isOptional">false</property>
</record>
<record>
  <date>2019-10-09T16:35:50</date>
  <millis>1570656950428</millis>
  <sequence>118</sequence>
  <level>START</level>
  <class>com.kms.katalon.core.logging.XmlKeywordLogger</class>
  <method>startKeyword</method>
  <thread>1</thread>
  <message>Start action : selectOptionByValue(findTestObject(\&amp;quot;Object Repository/Solicitar Servicio/SeleccionarPais\&amp;quot;), \&amp;quot;1\&amp;quot;, true)</message>
  <nestedLevel>1</nestedLevel>
  <property name="startLine">17</property>
  <property name="stepIndex">1</property>
</record>
<record>
  <date>2019-10-09T16:36:05</date>
  <millis>1570656965151</millis>
  <sequence>127</sequence>
  <level>PASSED</level>
  <class>com.kms.katalon.core.logging.XmlKeywordLogger</class>
  <method>logMessage</method>
  <thread>1</thread>
  <message>All options with value &amp;apos;1&amp;apos; are selected in object &amp;apos;Object Repository/Solicitar Servicio/SeleccionarPais&amp;apos;  using regular expression</message>
  <nestedLevel>1</nestedLevel>
</record>
<record>
  <date>2019-10-09T16:36:05</date>
  <millis>1570656965153</millis>
  <sequence>128</sequence>
  <level>END</level>
  <class>com.kms.katalon.core.logging.XmlKeywordLogger</class>
  <method>endKeyword</method>
  <thread>1</thread>
  <message>End action : selectOptionByValue(findTestObject(\&amp;quot;Object Repository/Solicitar Servicio/SeleccionarPais\&amp;quot;), \&amp;quot;1\&amp;quot;, true)</message>
  <nestedLevel>1</nestedLevel>
</record>
<record>
  <date>2019-10-09T16:36:05</date>
  <millis>1570656965154</millis>
  <sequence>129</sequence>
  <level>START</level>
  <class>com.kms.katalon.core.logging.XmlKeywordLogger</class>
  <method>startKeyword</method>
  <thread>1</thread>
  <message>Start action : selectOptionByValue(findTestObject(\&amp;quot;Object Repository/Solicitar Servicio/SeleccionarDepartamento\&amp;quot;), \&amp;quot;05\&amp;quot;, true)</message>
  <nestedLevel>1</nestedLevel>
  <property name="startLine">19</property>
  <property name="stepIndex">2</property>
</record>
<record>
  <date>2019-10-09T16:36:26</date>
  <millis>1570656986965</millis>
  <sequence>138</sequence>
  <level>PASSED</level>
  <class>com.kms.katalon.core.logging.XmlKeywordLogger</class>
  <method>logMessage</method>
  <thread>1</thread>
  <message>All options with value &amp;apos;05&amp;apos; are selected in object &amp;apos;Object Repository/Solicitar Servicio/SeleccionarDepartamento&amp;apos;  using regular expression</message>
  <nestedLevel>1</nestedLevel>
</record>
<record>
  <date>2019-10-09T16:36:26</date>
  <millis>1570656986967</millis>
  <sequence>139</sequence>
  <level>END</level>
  <class>com.kms.katalon.core.logging.XmlKeywordLogger</class>
  <method>endKeyword</method>
  <thread>1</thread>
  <message>End action : selectOptionByValue(findTestObject(\&amp;quot;Object Repository/Solicitar Servicio/SeleccionarDepartamento\&amp;quot;), \&amp;quot;05\&amp;quot;, true)</message>
  <nestedLevel>1</nestedLevel>
</record>
<record>
  <date>2019-10-09T16:36:26</date>
  <millis>1570656986968</millis>
  <sequence>140</sequence>
  <level>START</level>
  <class>com.kms.katalon.core.logging.XmlKeywordLogger</class>
  <method>startKeyword</method>
  <thread>1</thread>
  <message>Start action : selectOptionByValue(findTestObject(\&amp;quot;Object Repository/Solicitar Servicio/SeleccionarCiudad\&amp;quot;), \&amp;quot;05001\&amp;quot;, true)</message>
  <nestedLevel>1</nestedLevel>
  <property name="startLine">21</property>
  <property name="stepIndex">3</property>
</record>
<record>
  <date>2019-10-09T16:36:56</date>
  <millis>1570657016013</millis>
  <sequence>149</sequence>
  <level>PASSED</level>
  <class>com.kms.katalon.core.logging.XmlKeywordLogger</class>
  <method>logMessage</method>
  <thread>1</thread>
  <message>All options with value &amp;apos;05001&amp;apos; are selected in object &amp;apos;Object Repository/Solicitar Servicio/SeleccionarCiudad&amp;apos;  using regular expression</message>
  <nestedLevel>1</nestedLevel>
</record>
<record>
  <date>2019-10-09T16:36:56</date>
  <millis>1570657016014</millis>
  <sequence>150</sequence>
  <level>END</level>
  <class>com.kms.katalon.core.logging.XmlKeywordLogger</class>
  <method>endKeyword</method>
  <thread>1</thread>
  <message>End action : selectOptionByValue(findTestObject(\&amp;quot;Object Repository/Solicitar Servicio/SeleccionarCiudad\&amp;quot;), \&amp;quot;05001\&amp;quot;, true)</message>
  <nestedLevel>1</nestedLevel>
</record>
<record>
  <date>2019-10-09T16:36:56</date>
  <millis>1570657016014</millis>
  <sequence>151</sequence>
  <level>START</level>
  <class>com.kms.katalon.core.logging.XmlKeywordLogger</class>
  <method>startKeyword</method>
  <thread>1</thread>
  <message>Start action : selectOptionByValue(findTestObject(\&amp;quot;Object Repository/Solicitar Servicio/SeleccionarBarrio\&amp;quot;), \&amp;quot;0110\&amp;quot;, true)</message>
  <nestedLevel>1</nestedLevel>
  <property name="startLine">23</property>
  <property name="stepIndex">4</property>
</record>
<record>
  <date>2019-10-09T16:40:39</date>
  <millis>1570657239447</millis>
  <sequence>160</sequence>
  <level>PASSED</level>
  <class>com.kms.katalon.core.logging.XmlKeywordLogger</class>
  <method>logMessage</method>
  <thread>1</thread>
  <message>All options with value &amp;apos;0110&amp;apos; are selected in object &amp;apos;Object Repository/Solicitar Servicio/SeleccionarBarrio&amp;apos;  using regular expression</message>
  <nestedLevel>1</nestedLevel>
</record>
<record>
  <date>2019-10-09T16:40:39</date>
  <millis>1570657239451</millis>
  <sequence>161</sequence>
  <level>END</level>
  <class>com.kms.katalon.core.logging.XmlKeywordLogger</class>
  <method>endKeyword</method>
  <thread>1</thread>
  <message>End action : selectOptionByValue(findTestObject(\&amp;quot;Object Repository/Solicitar Servicio/SeleccionarBarrio\&amp;quot;), \&amp;quot;0110\&amp;quot;, true)</message>
  <nestedLevel>1</nestedLevel>
</record>
<record>
  <date>2019-10-09T16:40:39</date>
  <millis>1570657239452</millis>
  <sequence>162</sequence>
  <level>START</level>
  <class>com.kms.katalon.core.logging.XmlKeywordLogger</class>
  <method>startKeyword</method>
  <thread>1</thread>
  <message>Start action : selectOptionByValue(findTestObject(\&amp;quot;Object Repository/Solicitar Servicio/SeleccionarTipoCalle\&amp;quot;), \&amp;quot;CL\&amp;quot;, true)</message>
  <nestedLevel>1</nestedLevel>
  <property name="startLine">25</property>
  <property name="stepIndex">5</property>
</record>
<record>
  <date>2019-10-09T16:41:23</date>
  <millis>1570657283975</millis>
  <sequence>171</sequence>
  <level>PASSED</level>
  <class>com.kms.katalon.core.logging.XmlKeywordLogger</class>
  <method>logMessage</method>
  <thread>1</thread>
  <message>All options with value &amp;apos;CL&amp;apos; are selected in object &amp;apos;Object Repository/Solicitar Servicio/SeleccionarTipoCalle&amp;apos;  using regular expression</message>
  <nestedLevel>1</nestedLevel>
</record>
<record>
  <date>2019-10-09T16:41:23</date>
  <millis>1570657283981</millis>
  <sequence>172</sequence>
  <level>END</level>
  <class>com.kms.katalon.core.logging.XmlKeywordLogger</class>
  <method>endKeyword</method>
  <thread>1</thread>
  <message>End action : selectOptionByValue(findTestObject(\&amp;quot;Object Repository/Solicitar Servicio/SeleccionarTipoCalle\&amp;quot;), \&amp;quot;CL\&amp;quot;, true)</message>
  <nestedLevel>1</nestedLevel>
</record>
<record>
  <date>2019-10-09T16:41:23</date>
  <millis>1570657283982</millis>
  <sequence>173</sequence>
  <level>START</level>
  <class>com.kms.katalon.core.logging.XmlKeywordLogger</class>
  <method>startKeyword</method>
  <thread>1</thread>
  <message>Start action : setText(findTestObject(\&amp;quot;Object Repository/Solicitar Servicio/input_Campo1\&amp;quot;), \&amp;quot;30\&amp;quot;)</message>
  <nestedLevel>1</nestedLevel>
  <property name="startLine">27</property>
  <property name="stepIndex">6</property>
</record>
<record>
  <date>2019-10-09T16:41:27</date>
  <millis>1570657287396</millis>
  <sequence>182</sequence>
  <level>PASSED</level>
  <class>com.kms.katalon.core.logging.XmlKeywordLogger</class>
  <method>logMessage</method>
  <thread>1</thread>
  <message>Text &amp;apos;30&amp;apos; is set on object &amp;apos;Object Repository/Solicitar Servicio/input_Campo1&amp;apos;</message>
  <nestedLevel>1</nestedLevel>
</record>
<record>
  <date>2019-10-09T16:41:27</date>
  <millis>1570657287397</millis>
  <sequence>183</sequence>
  <level>END</level>
  <class>com.kms.katalon.core.logging.XmlKeywordLogger</class>
  <method>endKeyword</method>
  <thread>1</thread>
  <message>End action : setText(findTestObject(\&amp;quot;Object Repository/Solicitar Servicio/input_Campo1\&amp;quot;), \&amp;quot;30\&amp;quot;)</message>
  <nestedLevel>1</nestedLevel>
</record>
<record>
  <date>2019-10-09T16:41:27</date>
  <millis>1570657287397</millis>
  <sequence>184</sequence>
  <level>START</level>
  <class>com.kms.katalon.core.logging.XmlKeywordLogger</class>
  <method>startKeyword</method>
  <thread>1</thread>
  <message>Start action : setText(findTestObject(\&amp;quot;Object Repository/Solicitar Servicio/input__Campo2\&amp;quot;), \&amp;quot;30\&amp;quot;)</message>
  <nestedLevel>1</nestedLevel>
  <property name="startLine">29</property>
  <property name="stepIndex">7</property>
</record>
<record>
  <date>2019-10-09T16:41:30</date>
  <millis>1570657290725</millis>
  <sequence>193</sequence>
  <level>PASSED</level>
  <class>com.kms.katalon.core.logging.XmlKeywordLogger</class>
  <method>logMessage</method>
  <thread>1</thread>
  <message>Text &amp;apos;30&amp;apos; is set on object &amp;apos;Object Repository/Solicitar Servicio/input__Campo2&amp;apos;</message>
  <nestedLevel>1</nestedLevel>
</record>
<record>
  <date>2019-10-09T16:41:30</date>
  <millis>1570657290725</millis>
  <sequence>194</sequence>
  <level>END</level>
  <class>com.kms.katalon.core.logging.XmlKeywordLogger</class>
  <method>endKeyword</method>
  <thread>1</thread>
  <message>End action : setText(findTestObject(\&amp;quot;Object Repository/Solicitar Servicio/input__Campo2\&amp;quot;), \&amp;quot;30\&amp;quot;)</message>
  <nestedLevel>1</nestedLevel>
</record>
<record>
  <date>2019-10-09T16:41:30</date>
  <millis>1570657290725</millis>
  <sequence>195</sequence>
  <level>START</level>
  <class>com.kms.katalon.core.logging.XmlKeywordLogger</class>
  <method>startKeyword</method>
  <thread>1</thread>
  <message>Start action : setText(findTestObject(\&amp;quot;Object Repository/Solicitar Servicio/input_Campo3\&amp;quot;), \&amp;quot;30\&amp;quot;)</message>
  <nestedLevel>1</nestedLevel>
  <property name="startLine">31</property>
  <property name="stepIndex">8</property>
</record>
<record>
  <date>2019-10-09T16:41:34</date>
  <millis>1570657294033</millis>
  <sequence>204</sequence>
  <level>PASSED</level>
  <class>com.kms.katalon.core.logging.XmlKeywordLogger</class>
  <method>logMessage</method>
  <thread>1</thread>
  <message>Text &amp;apos;30&amp;apos; is set on object &amp;apos;Object Repository/Solicitar Servicio/input_Campo3&amp;apos;</message>
  <nestedLevel>1</nestedLevel>
</record>
<record>
  <date>2019-10-09T16:41:34</date>
  <millis>1570657294033</millis>
  <sequence>205</sequence>
  <level>END</level>
  <class>com.kms.katalon.core.logging.XmlKeywordLogger</class>
  <method>endKeyword</method>
  <thread>1</thread>
  <message>End action : setText(findTestObject(\&amp;quot;Object Repository/Solicitar Servicio/input_Campo3\&amp;quot;), \&amp;quot;30\&amp;quot;)</message>
  <nestedLevel>1</nestedLevel>
</record>
<record>
  <date>2019-10-09T16:41:34</date>
  <millis>1570657294033</millis>
  <sequence>206</sequence>
  <level>START</level>
  <class>com.kms.katalon.core.logging.XmlKeywordLogger</class>
  <method>startKeyword</method>
  <thread>1</thread>
  <message>Start action : setText(findTestObject(\&amp;quot;Object Repository/Solicitar Servicio/input_Apartamento\&amp;quot;), \&amp;quot;9001\&amp;quot;)</message>
  <nestedLevel>1</nestedLevel>
  <property name="startLine">33</property>
  <property name="stepIndex">9</property>
</record>
<record>
  <date>2019-10-09T16:41:37</date>
  <millis>1570657297335</millis>
  <sequence>215</sequence>
  <level>PASSED</level>
  <class>com.kms.katalon.core.logging.XmlKeywordLogger</class>
  <method>logMessage</method>
  <thread>1</thread>
  <message>Text &amp;apos;9001&amp;apos; is set on object &amp;apos;Object Repository/Solicitar Servicio/input_Apartamento&amp;apos;</message>
  <nestedLevel>1</nestedLevel>
</record>
<record>
  <date>2019-10-09T16:41:37</date>
  <millis>1570657297336</millis>
  <sequence>216</sequence>
  <level>END</level>
  <class>com.kms.katalon.core.logging.XmlKeywordLogger</class>
  <method>endKeyword</method>
  <thread>1</thread>
  <message>End action : setText(findTestObject(\&amp;quot;Object Repository/Solicitar Servicio/input_Apartamento\&amp;quot;), \&amp;quot;9001\&amp;quot;)</message>
  <nestedLevel>1</nestedLevel>
</record>
<record>
  <date>2019-10-09T16:41:37</date>
  <millis>1570657297336</millis>
  <sequence>217</sequence>
  <level>START</level>
  <class>com.kms.katalon.core.logging.XmlKeywordLogger</class>
  <method>startKeyword</method>
  <thread>1</thread>
  <message>Start action : setText(findTestObject(\&amp;quot;Object Repository/Solicitar Servicio/input_Detalles\&amp;quot;), \&amp;quot;direcci\u00F3n prueba\&amp;quot;)</message>
  <nestedLevel>1</nestedLevel>
  <property name="startLine">35</property>
  <property name="stepIndex">10</property>
</record>
<record>
  <date>2019-10-09T16:41:40</date>
  <millis>1570657300956</millis>
  <sequence>226</sequence>
  <level>PASSED</level>
  <class>com.kms.katalon.core.logging.XmlKeywordLogger</class>
  <method>logMessage</method>
  <thread>1</thread>
  <message>Text &amp;apos;direcci\u00F3n prueba&amp;apos; is set on object &amp;apos;Object Repository/Solicitar Servicio/input_Detalles&amp;apos;</message>
  <nestedLevel>1</nestedLevel>
</record>
<record>
  <date>2019-10-09T16:41:40</date>
  <millis>1570657300957</millis>
  <sequence>227</sequence>
  <level>END</level>
  <class>com.kms.katalon.core.logging.XmlKeywordLogger</class>
  <method>endKeyword</method>
  <thread>1</thread>
  <message>End action : setText(findTestObject(\&amp;quot;Object Repository/Solicitar Servicio/input_Detalles\&amp;quot;), \&amp;quot;direcci\u00F3n prueba\&amp;quot;)</message>
  <nestedLevel>1</nestedLevel>
</record>
<record>
  <date>2019-10-09T16:41:40</date>
  <millis>1570657300957</millis>
  <sequence>228</sequence>
  <level>START</level>
  <class>com.kms.katalon.core.logging.XmlKeywordLogger</class>
  <method>startKeyword</method>
  <thread>1</thread>
  <message>Start action : click(findTestObject(\&amp;quot;Object Repository/Solicitar Servicio/button_Guardar\&amp;quot;))</message>
  <nestedLevel>1</nestedLevel>
  <property name="startLine">37</property>
  <property name="stepIndex">11</property>
</record>
<record>
  <date>2019-10-09T16:41:43</date>
  <millis>1570657303266</millis>
  <sequence>235</sequence>
  <level>PASSED</level>
  <class>com.kms.katalon.core.logging.XmlKeywordLogger</class>
  <method>logMessage</method>
  <thread>1</thread>
  <message>Object: &amp;apos;Object Repository/Solicitar Servicio/button_Guardar&amp;apos; is clicked on</message>
  <nestedLevel>1</nestedLevel>
</record>
<record>
  <date>2019-10-09T16:41:43</date>
  <millis>1570657303267</millis>
  <sequence>236</sequence>
  <level>END</level>
  <class>com.kms.katalon.core.logging.XmlKeywordLogger</class>
  <method>endKeyword</method>
  <thread>1</thread>
  <message>End action : click(findTestObject(\&amp;quot;Object Repository/Solicitar Servicio/button_Guardar\&amp;quot;))</message>
  <nestedLevel>1</nestedLevel>
</record>
<record>
  <date>2019-10-09T16:41:43</date>
  <millis>1570657303267</millis>
  <sequence>237</sequence>
  <level>START</level>
  <class>com.kms.katalon.core.logging.XmlKeywordLogger</class>
  <method>startKeyword</method>
  <thread>1</thread>
  <message>Start action : Delay(5)</message>
  <nestedLevel>1</nestedLevel>
  <property name="startLine">39</property>
  <property name="stepIndex">12</property>
</record>
<record>
  <date>2019-10-09T16:41:43</date>
  <millis>1570657303270</millis>
  <sequence>238</sequence>
  <level>END</level>
  <class>com.kms.katalon.core.logging.XmlKeywordLogger</class>
  <method>endKeyword</method>
  <thread>1</thread>
  <message>End action : Delay(5)</message>
  <nestedLevel>1</nestedLevel>
</record>
<record>
  <date>2019-10-09T16:41:43</date>
  <millis>1570657303296</millis>
  <sequence>240</sequence>
  <level>ERROR</level>
  <class>com.kms.katalon.core.logging.XmlKeywordLogger</class>
  <method>logMessage</method>
  <thread>1</thread>
  <message>Test Cases/Solicitar Servicio/IngresarNuevaDireccion FAILED.\nReason:\ngroovy.lang.MissingMethodException: No signature of method: static com.kms.katalon.core.webui.keyword.WebUiBuiltInKeywords.Delay() is applicable for argument types: (java.lang.Integer) values: [5]\nPossible solutions: delay(java.lang.Object), delay(java.lang.Object, com.kms.katalon.core.model.FailureHandling), every(), any(), getAt(java.lang.String), sleep(long)\r\n\tat IngresarNuevaDireccion.run(IngresarNuevaDireccion:39)\r\n\tat com.kms.katalon.core.main.ScriptEngine.run(ScriptEngine.java:194)\r\n\tat com.kms.katalon.core.main.ScriptEngine.runScriptAsRawText(ScriptEngine.java:119)\r\n\tat com.kms.katalon.core.main.TestCaseExecutor.runScript(TestCaseExecutor.java:337)\r\n\tat com.kms.katalon.core.main.TestCaseExecutor.doExecute(TestCaseExecutor.java:328)\r\n\tat com.kms.katalon.core.main.TestCaseExecutor.processExecutionPhase(TestCaseExecutor.java:307)\r\n\tat com.kms.katalon.core.main.TestCaseExecutor.accessMainPhase(TestCaseExecutor.java:299)\r\n\tat com.kms.katalon.core.main.TestCaseExecutor.execute(TestCaseExecutor.java:233)\r\n\tat com.kms.katalon.core.main.TestSuiteExecutor.accessTestCaseMainPhase(TestSuiteExecutor.java:150)\r\n\tat com.kms.katalon.core.main.TestSuiteExecutor.accessTestSuiteMainPhase(TestSuiteExecutor.java:123)\r\n\tat com.kms.katalon.core.main.TestSuiteExecutor.execute(TestSuiteExecutor.java:87)\r\n\tat com.kms.katalon.core.main.TestCaseMain.startTestSuite(TestCaseMain.java:157)\r\n\tat com.kms.katalon.core.main.TestCaseMain$startTestSuite$0.call(Unknown Source)\r\n\tat TempTestSuite1570656877113.run(TempTestSuite1570656877113.groovy:35)\r\n</message>
  <exception>
    <message>groovy.lang.MissingMethodException: No signature of method: static com.kms.katalon.core.webui.keyword.WebUiBuiltInKeywords.Delay() is applicable for argument types: (java.lang.Integer) values: [5]
Possible solutions: delay(java.lang.Object), delay(java.lang.Object, com.kms.katalon.core.model.FailureHandling), every(), any(), getAt(java.lang.String), sleep(long)</message>
    <frame>
      <class>IngresarNuevaDireccion</class>
      <method>run</method>
      <line>39</line>
    </frame>
    <frame>
      <class>com.kms.katalon.core.main.ScriptEngine</class>
      <method>run</method>
      <line>194</line>
    </frame>
    <frame>
      <class>com.kms.katalon.core.main.ScriptEngine</class>
      <method>runScriptAsRawText</method>
      <line>119</line>
    </frame>
    <frame>
      <class>com.kms.katalon.core.main.TestCaseExecutor</class>
      <method>runScript</method>
      <line>337</line>
    </frame>
    <frame>
      <class>com.kms.katalon.core.main.TestCaseExecutor</class>
      <method>doExecute</method>
      <line>328</line>
    </frame>
    <frame>
      <class>com.kms.katalon.core.main.TestCaseExecutor</class>
      <method>processExecutionPhase</method>
      <line>307</line>
    </frame>
    <frame>
      <class>com.kms.katalon.core.main.TestCaseExecutor</class>
      <method>accessMainPhase</method>
      <line>299</line>
    </frame>
    <frame>
      <class>com.kms.katalon.core.main.TestCaseExecutor</class>
      <method>execute</method>
      <line>233</line>
    </frame>
    <frame>
      <class>com.kms.katalon.core.main.TestSuiteExecutor</class>
      <method>accessTestCaseMainPhase</method>
      <line>150</line>
    </frame>
    <frame>
      <class>com.kms.katalon.core.main.TestSuiteExecutor</class>
      <method>accessTestSuiteMainPhase</method>
      <line>123</line>
    </frame>
    <frame>
      <class>com.kms.katalon.core.main.TestSuiteExecutor</class>
      <method>execute</method>
      <line>87</line>
    </frame>
    <frame>
      <class>com.kms.katalon.core.main.TestCaseMain</class>
      <method>startTestSuite</method>
      <line>157</line>
    </frame>
    <frame>
      <class>com.kms.katalon.core.main.TestCaseMain$startTestSuite$0</class>
      <method>call</method>
    </frame>
    <frame>
      <class>TempTestSuite1570656877113</class>
      <method>run</method>
      <line>35</line>
    </frame>
  </exception>
  <nestedLevel>0</nestedLevel>
  <property name="failed.exception.stacktrace">groovy.lang.MissingMethodException: No signature of method: static com.kms.katalon.core.webui.keyword.WebUiBuiltInKeywords.Delay() is applicable for argument types: (java.lang.Integer) values: [5]\nPossible solutions: delay(java.lang.Object), delay(java.lang.Object, com.kms.katalon.core.model.FailureHandling), every(), any(), getAt(java.lang.String), sleep(long)\r\n\tat IngresarNuevaDireccion.run(IngresarNuevaDireccion:39)\r\n\tat com.kms.katalon.core.main.ScriptEngine.run(ScriptEngine.java:194)\r\n\tat com.kms.katalon.core.main.ScriptEngine.runScriptAsRawText(ScriptEngine.java:119)\r\n\tat com.kms.katalon.core.main.TestCaseExecutor.runScript(TestCaseExecutor.java:337)\r\n\tat com.kms.katalon.core.main.TestCaseExecutor.doExecute(TestCaseExecutor.java:328)\r\n\tat com.kms.katalon.core.main.TestCaseExecutor.processExecutionPhase(TestCaseExecutor.java:307)\r\n\tat com.kms.katalon.core.main.TestCaseExecutor.accessMainPhase(TestCaseExecutor.java:299)\r\n\tat com.kms.katalon.core.main.TestCaseExecutor.execute(TestCaseExecutor.java:233)\r\n\tat com.kms.katalon.core.main.TestSuiteExecutor.accessTestCaseMainPhase(TestSuiteExecutor.java:150)\r\n\tat com.kms.katalon.core.main.TestSuiteExecutor.accessTestSuiteMainPhase(TestSuiteExecutor.java:123)\r\n\tat com.kms.katalon.core.main.TestSuiteExecutor.execute(TestSuiteExecutor.java:87)\r\n\tat com.kms.katalon.core.main.TestCaseMain.startTestSuite(TestCaseMain.java:157)\r\n\tat com.kms.katalon.core.main.TestCaseMain$startTestSuite$0.call(Unknown Source)\r\n\tat TempTestSuite1570656877113.run(TempTestSuite1570656877113.groovy:35)\r\n</property>
  <property name="failed.exception.class">groovy.lang.MissingMethodException</property>
  <property name="failed.exception.message">No signature of method: static com.kms.katalon.core.webui.keyword.WebUiBuiltInKeywords.Delay() is applicable for argument types: (java.lang.Integer) values: [5]\nPossible solutions: delay(java.lang.Object), delay(java.lang.Object, com.kms.katalon.core.model.FailureHandling), every(), any(), getAt(java.lang.String), sleep(long)</property>
</record>
<record>
  <date>2019-10-09T16:41:43</date>
  <millis>1570657303314</millis>
  <sequence>242</sequence>
  <level>END</level>
  <class>com.kms.katalon.core.logging.XmlKeywordLogger</class>
  <method>endTest</method>
  <thread>1</thread>
  <message>End Test Case : Test Cases/Solicitar Servicio/IngresarNuevaDireccion</message>
  <nestedLevel>0</nestedLevel>
</record>
<record>
  <date>2019-10-09T16:41:43</date>
  <millis>1570657303314</millis>
  <sequence>243</sequence>
  <level>START</level>
  <class>com.kms.katalon.core.logging.XmlKeywordLogger</class>
  <method>startKeyword</method>
  <thread>1</thread>
  <message>Start listener action : exportKatalonReports</message>
  <nestedLevel>0</nestedLevel>
</record>
<record>
  <date>2019-10-09T16:41:43</date>
  <millis>1570657303467</millis>
  <sequence>443</sequence>
  <level>INFO</level>
  <class>com.kms.katalon.core.logging.XmlKeywordLogger</class>
  <method>logMessage</method>
  <thread>1</thread>
  <message>Start generating HTML report folder at: C:\\Users\\dzapatal\\git\\PortalClientes_Web\\Reports\\20191009_163437\\Modulo2_Solicitar servicio\\IngresarDireccionNueva\\20191009_163437...</message>
  <nestedLevel>0</nestedLevel>
</record>
<record>
  <date>2019-10-09T16:41:43</date>
  <millis>1570657303484</millis>
  <sequence>444</sequence>
  <level>INFO</level>
  <class>com.kms.katalon.core.logging.XmlKeywordLogger</class>
  <method>logMessage</method>
  <thread>1</thread>
  <message>HTML report generated</message>
  <nestedLevel>0</nestedLevel>
</record>
<record>
  <date>2019-10-09T16:41:43</date>
  <millis>1570657303488</millis>
  <sequence>445</sequence>
  <level>INFO</level>
  <class>com.kms.katalon.core.logging.XmlKeywordLogger</class>
  <method>logMessage</method>
  <thread>1</thread>
  <message>Start generating CSV report folder at: C:\\Users\\dzapatal\\git\\PortalClientes_Web\\Reports\\20191009_163437\\Modulo2_Solicitar servicio\\IngresarDireccionNueva\\20191009_163437...</message>
  <nestedLevel>0</nestedLevel>
</record>
<record>
  <date>2019-10-09T16:41:43</date>
  <millis>1570657303533</millis>
  <sequence>446</sequence>
  <level>INFO</level>
  <class>com.kms.katalon.core.logging.XmlKeywordLogger</class>
  <method>logMessage</method>
  <thread>1</thread>
  <message>CSV report generated</message>
  <nestedLevel>0</nestedLevel>
</record>
<record>
  <date>2019-10-09T16:41:43</date>
  <millis>1570657303534</millis>
  <sequence>447</sequence>
  <level>INFO</level>
  <class>com.kms.katalon.core.logging.XmlKeywordLogger</class>
  <method>logMessage</method>
  <thread>1</thread>
  <message>Start generating JUnit report folder at: C:\\Users\\dzapatal\\git\\PortalClientes_Web\\Reports\\20191009_163437\\Modulo2_Solicitar servicio\\IngresarDireccionNueva\\20191009_163437...</message>
  <nestedLevel>0</nestedLevel>
</record>
<record>
  <date>2019-10-09T16:41:43</date>
  <millis>1570657303716</millis>
  <sequence>448</sequence>
  <level>INFO</level>
  <class>com.kms.katalon.core.logging.XmlKeywordLogger</class>
  <method>logMessage</method>
  <thread>1</thread>
  <message>JUnit report generated</message>
  <nestedLevel>0</nestedLevel>
</record>
<record>
  <date>2019-10-09T16:41:43</date>
  <millis>1570657303717</millis>
  <sequence>450</sequence>
  <level>END</level>
  <class>com.kms.katalon.core.logging.XmlKeywordLogger</class>
  <method>endKeyword</method>
  <thread>1</thread>
  <message>End listener action : exportKatalonReports</message>
  <nestedLevel>0</nestedLevel>
</record>
<record>
  <date>2019-10-09T16:41:45</date>
  <millis>1570657305603</millis>
  <sequence>451</sequence>
  <level>END</level>
  <class>com.kms.katalon.core.logging.XmlKeywordLogger</class>
  <method>endSuite</method>
  <thread>1</thread>
  <message>End Test Suite : Test Suites/Modulo2_Solicitar servicio/IngresarDireccionNueva</message>
  <nestedLevel>0</nestedLevel>
</record>
</log>